{
  "uid" : "30a14721aa067a9e",
  "name" : "Выделение писем",
  "fullName" : "Test1.activatingCheckboxes",
  "historyId" : "758b5586ee8becd4720207dd81c41fdb",
  "time" : {
    "start" : 1585072345500,
    "stop" : 1585072371418,
    "duration" : 25918
  },
  "status" : "failed",
  "statusMessage" : "\nExpected: not an empty iterable\n     but: was <{name: Чекбокcы от меня}>",
  "statusTrace" : "java.lang.AssertionError: \nExpected: not an empty iterable\n     but: was <{name: Чекбокcы от меня}>\r\n\tat io.qameta.htmlelements.extension.ShouldMethod$Extension.handle(ShouldMethod.java:29)\r\n\tat io.qameta.htmlelements.handler.WebBlockMethodHandler.lambda$invoke$2(WebBlockMethodHandler.java:65)\r\n\tat io.qameta.htmlelements.statement.RetryStatement.lambda$apply$1(RetryStatement.java:60)\r\n\tat io.qameta.htmlelements.statement.ListenerStatement.lambda$apply$3(ListenerStatement.java:37)\r\n\tat io.qameta.htmlelements.handler.WebBlockMethodHandler.invoke(WebBlockMethodHandler.java:72)\r\n\tat com.sun.proxy.$Proxy38.should(Unknown Source)\r\n\tat io.qameta.htmlelements.element.ExtendedList.should(ExtendedList.java:62)\r\n\tat java.lang.invoke.MethodHandle.invokeWithArguments(MethodHandle.java:627)\r\n\tat io.qameta.htmlelements.extension.DefaultMethod$Extension.handle(DefaultMethod.java:29)\r\n\tat io.qameta.htmlelements.handler.WebBlockMethodHandler.lambda$invoke$2(WebBlockMethodHandler.java:65)\r\n\tat io.qameta.htmlelements.statement.RetryStatement.lambda$apply$1(RetryStatement.java:60)\r\n\tat io.qameta.htmlelements.statement.ListenerStatement.lambda$apply$3(ListenerStatement.java:37)\r\n\tat io.qameta.htmlelements.handler.WebBlockMethodHandler.invoke(WebBlockMethodHandler.java:72)\r\n\tat com.sun.proxy.$Proxy38.should(Unknown Source)\r\n\tat Test1.checkActivatingCheckboxes_aroundBody14(Test1.java:127)\r\n\tat Test1$AjcClosure15.run(Test1.java:1)\r\n\tat org.aspectj.runtime.reflect.JoinPointImpl.proceed(JoinPointImpl.java:149)\r\n\tat io.qameta.allure.aspects.StepsAspects.step(StepsAspects.java:46)\r\n\tat Test1.checkActivatingCheckboxes(Test1.java:126)\r\n\tat Test1.activatingCheckboxes(Test1.java:216)\r\n\tat sun.reflect.NativeMethodAccessorImpl.invoke0(Native Method)\r\n\tat sun.reflect.NativeMethodAccessorImpl.invoke(NativeMethodAccessorImpl.java:62)\r\n\tat sun.reflect.DelegatingMethodAccessorImpl.invoke(DelegatingMethodAccessorImpl.java:43)\r\n\tat java.lang.reflect.Method.invoke(Method.java:498)\r\n\tat org.testng.internal.MethodInvocationHelper.invokeMethod(MethodInvocationHelper.java:124)\r\n\tat org.testng.internal.Invoker.invokeMethod(Invoker.java:583)\r\n\tat org.testng.internal.Invoker.invokeTestMethod(Invoker.java:719)\r\n\tat org.testng.internal.Invoker.invokeTestMethods(Invoker.java:989)\r\n\tat org.testng.internal.TestMethodWorker.invokeTestMethods(TestMethodWorker.java:125)\r\n\tat org.testng.internal.TestMethodWorker.run(TestMethodWorker.java:109)\r\n\tat org.testng.TestRunner.privateRun(TestRunner.java:648)\r\n\tat org.testng.TestRunner.run(TestRunner.java:505)\r\n\tat org.testng.SuiteRunner.runTest(SuiteRunner.java:455)\r\n\tat org.testng.SuiteRunner.access$000(SuiteRunner.java:40)\r\n\tat org.testng.SuiteRunner$SuiteWorker.run(SuiteRunner.java:489)\r\n\tat org.testng.internal.thread.ThreadUtil$1.call(ThreadUtil.java:52)\r\n\tat java.util.concurrent.FutureTask.run(FutureTask.java:266)\r\n\tat java.util.concurrent.ThreadPoolExecutor.runWorker(ThreadPoolExecutor.java:1149)\r\n\tat java.util.concurrent.ThreadPoolExecutor$Worker.run(ThreadPoolExecutor.java:624)\r\n\tat java.lang.Thread.run(Thread.java:748)\r\n",
  "flaky" : false,
  "beforeStages" : [ {
    "name" : "setUp",
    "time" : {
      "start" : 1585072309206,
      "stop" : 1585072345498,
      "duration" : 36292
    },
    "status" : "passed",
    "steps" : [ ],
    "attachments" : [ ],
    "parameters" : [ ],
    "stepsCount" : 0,
    "hasContent" : false,
    "attachmentsCount" : 0,
    "shouldDisplayMessage" : false
  } ],
  "testStage" : {
    "status" : "failed",
    "statusMessage" : "\nExpected: not an empty iterable\n     but: was <{name: Чекбокcы от меня}>",
    "statusTrace" : "java.lang.AssertionError: \nExpected: not an empty iterable\n     but: was <{name: Чекбокcы от меня}>\r\n\tat io.qameta.htmlelements.extension.ShouldMethod$Extension.handle(ShouldMethod.java:29)\r\n\tat io.qameta.htmlelements.handler.WebBlockMethodHandler.lambda$invoke$2(WebBlockMethodHandler.java:65)\r\n\tat io.qameta.htmlelements.statement.RetryStatement.lambda$apply$1(RetryStatement.java:60)\r\n\tat io.qameta.htmlelements.statement.ListenerStatement.lambda$apply$3(ListenerStatement.java:37)\r\n\tat io.qameta.htmlelements.handler.WebBlockMethodHandler.invoke(WebBlockMethodHandler.java:72)\r\n\tat com.sun.proxy.$Proxy38.should(Unknown Source)\r\n\tat io.qameta.htmlelements.element.ExtendedList.should(ExtendedList.java:62)\r\n\tat java.lang.invoke.MethodHandle.invokeWithArguments(MethodHandle.java:627)\r\n\tat io.qameta.htmlelements.extension.DefaultMethod$Extension.handle(DefaultMethod.java:29)\r\n\tat io.qameta.htmlelements.handler.WebBlockMethodHandler.lambda$invoke$2(WebBlockMethodHandler.java:65)\r\n\tat io.qameta.htmlelements.statement.RetryStatement.lambda$apply$1(RetryStatement.java:60)\r\n\tat io.qameta.htmlelements.statement.ListenerStatement.lambda$apply$3(ListenerStatement.java:37)\r\n\tat io.qameta.htmlelements.handler.WebBlockMethodHandler.invoke(WebBlockMethodHandler.java:72)\r\n\tat com.sun.proxy.$Proxy38.should(Unknown Source)\r\n\tat Test1.checkActivatingCheckboxes_aroundBody14(Test1.java:127)\r\n\tat Test1$AjcClosure15.run(Test1.java:1)\r\n\tat org.aspectj.runtime.reflect.JoinPointImpl.proceed(JoinPointImpl.java:149)\r\n\tat io.qameta.allure.aspects.StepsAspects.step(StepsAspects.java:46)\r\n\tat Test1.checkActivatingCheckboxes(Test1.java:126)\r\n\tat Test1.activatingCheckboxes(Test1.java:216)\r\n\tat sun.reflect.NativeMethodAccessorImpl.invoke0(Native Method)\r\n\tat sun.reflect.NativeMethodAccessorImpl.invoke(NativeMethodAccessorImpl.java:62)\r\n\tat sun.reflect.DelegatingMethodAccessorImpl.invoke(DelegatingMethodAccessorImpl.java:43)\r\n\tat java.lang.reflect.Method.invoke(Method.java:498)\r\n\tat org.testng.internal.MethodInvocationHelper.invokeMethod(MethodInvocationHelper.java:124)\r\n\tat org.testng.internal.Invoker.invokeMethod(Invoker.java:583)\r\n\tat org.testng.internal.Invoker.invokeTestMethod(Invoker.java:719)\r\n\tat org.testng.internal.Invoker.invokeTestMethods(Invoker.java:989)\r\n\tat org.testng.internal.TestMethodWorker.invokeTestMethods(TestMethodWorker.java:125)\r\n\tat org.testng.internal.TestMethodWorker.run(TestMethodWorker.java:109)\r\n\tat org.testng.TestRunner.privateRun(TestRunner.java:648)\r\n\tat org.testng.TestRunner.run(TestRunner.java:505)\r\n\tat org.testng.SuiteRunner.runTest(SuiteRunner.java:455)\r\n\tat org.testng.SuiteRunner.access$000(SuiteRunner.java:40)\r\n\tat org.testng.SuiteRunner$SuiteWorker.run(SuiteRunner.java:489)\r\n\tat org.testng.internal.thread.ThreadUtil$1.call(ThreadUtil.java:52)\r\n\tat java.util.concurrent.FutureTask.run(FutureTask.java:266)\r\n\tat java.util.concurrent.ThreadPoolExecutor.runWorker(ThreadPoolExecutor.java:1149)\r\n\tat java.util.concurrent.ThreadPoolExecutor$Worker.run(ThreadPoolExecutor.java:624)\r\n\tat java.lang.Thread.run(Thread.java:748)\r\n",
    "steps" : [ {
      "name" : "Проверка активированных чекбоксов",
      "time" : {
        "start" : 1585072345501,
        "stop" : 1585072371415,
        "duration" : 25914
      },
      "status" : "failed",
      "statusMessage" : "\nExpected: not an empty iterable\n     but: was <{name: Чекбокcы от меня}>",
      "statusTrace" : "java.lang.AssertionError: \nExpected: not an empty iterable\n     but: was <{name: Чекбокcы от меня}>\r\n\tat io.qameta.htmlelements.extension.ShouldMethod$Extension.handle(ShouldMethod.java:29)\r\n\tat io.qameta.htmlelements.handler.WebBlockMethodHandler.lambda$invoke$2(WebBlockMethodHandler.java:65)\r\n\tat io.qameta.htmlelements.statement.RetryStatement.lambda$apply$1(RetryStatement.java:60)\r\n\tat io.qameta.htmlelements.statement.ListenerStatement.lambda$apply$3(ListenerStatement.java:37)\r\n\tat io.qameta.htmlelements.handler.WebBlockMethodHandler.invoke(WebBlockMethodHandler.java:72)\r\n\tat com.sun.proxy.$Proxy38.should(Unknown Source)\r\n\tat io.qameta.htmlelements.element.ExtendedList.should(ExtendedList.java:62)\r\n\tat java.lang.invoke.MethodHandle.invokeWithArguments(MethodHandle.java:627)\r\n\tat io.qameta.htmlelements.extension.DefaultMethod$Extension.handle(DefaultMethod.java:29)\r\n\tat io.qameta.htmlelements.handler.WebBlockMethodHandler.lambda$invoke$2(WebBlockMethodHandler.java:65)\r\n\tat io.qameta.htmlelements.statement.RetryStatement.lambda$apply$1(RetryStatement.java:60)\r\n\tat io.qameta.htmlelements.statement.ListenerStatement.lambda$apply$3(ListenerStatement.java:37)\r\n\tat io.qameta.htmlelements.handler.WebBlockMethodHandler.invoke(WebBlockMethodHandler.java:72)\r\n\tat com.sun.proxy.$Proxy38.should(Unknown Source)\r\n\tat Test1.checkActivatingCheckboxes_aroundBody14(Test1.java:127)\r\n\tat Test1$AjcClosure15.run(Test1.java:1)\r\n\tat org.aspectj.runtime.reflect.JoinPointImpl.proceed(JoinPointImpl.java:149)\r\n\tat io.qameta.allure.aspects.StepsAspects.step(StepsAspects.java:46)\r\n\tat Test1.checkActivatingCheckboxes(Test1.java:126)\r\n\tat Test1.activatingCheckboxes(Test1.java:216)\r\n\tat sun.reflect.NativeMethodAccessorImpl.invoke0(Native Method)\r\n\tat sun.reflect.NativeMethodAccessorImpl.invoke(NativeMethodAccessorImpl.java:62)\r\n\tat sun.reflect.DelegatingMethodAccessorImpl.invoke(DelegatingMethodAccessorImpl.java:43)\r\n\tat java.lang.reflect.Method.invoke(Method.java:498)\r\n\tat org.testng.internal.MethodInvocationHelper.invokeMethod(MethodInvocationHelper.java:124)\r\n\tat org.testng.internal.Invoker.invokeMethod(Invoker.java:583)\r\n\tat org.testng.internal.Invoker.invokeTestMethod(Invoker.java:719)\r\n\tat org.testng.internal.Invoker.invokeTestMethods(Invoker.java:989)\r\n\tat org.testng.internal.TestMethodWorker.invokeTestMethods(TestMethodWorker.java:125)\r\n\tat org.testng.internal.TestMethodWorker.run(TestMethodWorker.java:109)\r\n\tat org.testng.TestRunner.privateRun(TestRunner.java:648)\r\n\tat org.testng.TestRunner.run(TestRunner.java:505)\r\n\tat org.testng.SuiteRunner.runTest(SuiteRunner.java:455)\r\n\tat org.testng.SuiteRunner.access$000(SuiteRunner.java:40)\r\n\tat org.testng.SuiteRunner$SuiteWorker.run(SuiteRunner.java:489)\r\n\tat org.testng.internal.thread.ThreadUtil$1.call(ThreadUtil.java:52)\r\n\tat java.util.concurrent.FutureTask.run(FutureTask.java:266)\r\n\tat java.util.concurrent.ThreadPoolExecutor.runWorker(ThreadPoolExecutor.java:1149)\r\n\tat java.util.concurrent.ThreadPoolExecutor$Worker.run(ThreadPoolExecutor.java:624)\r\n\tat java.lang.Thread.run(Thread.java:748)\r\n",
      "steps" : [ ],
      "attachments" : [ ],
      "parameters" : [ ],
      "stepsCount" : 0,
      "hasContent" : true,
      "attachmentsCount" : 0,
      "shouldDisplayMessage" : true
    } ],
    "attachments" : [ ],
    "parameters" : [ ],
    "stepsCount" : 1,
    "hasContent" : true,
    "attachmentsCount" : 0,
    "shouldDisplayMessage" : false
  },
  "afterStages" : [ ],
  "labels" : [ {
    "name" : "package",
    "value" : "Test1"
  }, {
    "name" : "testClass",
    "value" : "Test1"
  }, {
    "name" : "testMethod",
    "value" : "activatingCheckboxes"
  }, {
    "name" : "parentSuite",
    "value" : "Тесты от Сергея"
  }, {
    "name" : "suite",
    "value" : "Модуль работы с входящими письмами"
  }, {
    "name" : "subSuite",
    "value" : "Test1"
  }, {
    "name" : "host",
    "value" : "acer"
  }, {
    "name" : "thread",
    "value" : "9100@acer.TestNG-tests-2(15)"
  }, {
    "name" : "resultFormat",
    "value" : "allure2"
  } ],
  "parameters" : [ ],
  "links" : [ ],
  "hidden" : false,
  "retry" : false,
  "extra" : {
    "severity" : "normal",
    "retries" : [ ],
    "categories" : [ {
      "name" : "Product defects",
      "matchedStatuses" : [ ],
      "flaky" : false
    } ],
    "tags" : [ ]
  },
  "source" : "30a14721aa067a9e.json",
  "parameterValues" : [ ]
}