{"uuid":"63749f94-a817-4cfa-b890-0f36eb9847eb","historyId":"e3af6b38a99468352496ef697da4b970","fullName":"Test1.sendTheMessage3","labels":[{"name":"package","value":"Test1"},{"name":"testClass","value":"Test1"},{"name":"testMethod","value":"sendTheMessage3"},{"name":"parentSuite","value":"Тесты от Сергея"},{"name":"suite","value":"Модуль работы с отправлением писем"},{"name":"subSuite","value":"Test1"},{"name":"host","value":"acer"},{"name":"thread","value":"6956@acer.TestNG-tests-3(16)"}],"links":[],"name":"Отправка письма без указания адреса получателя и темы","status":"failed","statusDetails":{"known":false,"muted":false,"flaky":false,"message":"expected [Please enter at least one email address.] but found [Поле не заполнено. Необходимо ввести адрес.]","trace":"java.lang.AssertionError: expected [Please enter at least one email address.] but found [Поле не заполнено. Необходимо ввести адрес.]\r\n\tat org.testng.Assert.fail(Assert.java:96)\r\n\tat org.testng.Assert.failNotEquals(Assert.java:776)\r\n\tat org.testng.Assert.assertEqualsImpl(Assert.java:137)\r\n\tat org.testng.Assert.assertEquals(Assert.java:118)\r\n\tat org.testng.Assert.assertEquals(Assert.java:453)\r\n\tat org.testng.Assert.assertEquals(Assert.java:463)\r\n\tat Test1.checkError2_aroundBody28(Test1.java:157)\r\n\tat Test1$AjcClosure29.run(Test1.java:1)\r\n\tat org.aspectj.runtime.reflect.JoinPointImpl.proceed(JoinPointImpl.java:149)\r\n\tat io.qameta.allure.aspects.StepsAspects.step(StepsAspects.java:46)\r\n\tat Test1.checkError2(Test1.java:154)\r\n\tat Test1.sendTheMessage3(Test1.java:212)\r\n\tat sun.reflect.NativeMethodAccessorImpl.invoke0(Native Method)\r\n\tat sun.reflect.NativeMethodAccessorImpl.invoke(NativeMethodAccessorImpl.java:62)\r\n\tat sun.reflect.DelegatingMethodAccessorImpl.invoke(DelegatingMethodAccessorImpl.java:43)\r\n\tat java.lang.reflect.Method.invoke(Method.java:498)\r\n\tat org.testng.internal.MethodInvocationHelper.invokeMethod(MethodInvocationHelper.java:124)\r\n\tat org.testng.internal.Invoker.invokeMethod(Invoker.java:583)\r\n\tat org.testng.internal.Invoker.invokeTestMethod(Invoker.java:719)\r\n\tat org.testng.internal.Invoker.invokeTestMethods(Invoker.java:989)\r\n\tat org.testng.internal.TestMethodWorker.invokeTestMethods(TestMethodWorker.java:125)\r\n\tat org.testng.internal.TestMethodWorker.run(TestMethodWorker.java:109)\r\n\tat org.testng.TestRunner.privateRun(TestRunner.java:648)\r\n\tat org.testng.TestRunner.run(TestRunner.java:505)\r\n\tat org.testng.SuiteRunner.runTest(SuiteRunner.java:455)\r\n\tat org.testng.SuiteRunner.access$000(SuiteRunner.java:40)\r\n\tat org.testng.SuiteRunner$SuiteWorker.run(SuiteRunner.java:489)\r\n\tat org.testng.internal.thread.ThreadUtil$1.call(ThreadUtil.java:52)\r\n\tat java.util.concurrent.FutureTask.run(FutureTask.java:266)\r\n\tat java.util.concurrent.ThreadPoolExecutor.runWorker(ThreadPoolExecutor.java:1149)\r\n\tat java.util.concurrent.ThreadPoolExecutor$Worker.run(ThreadPoolExecutor.java:624)\r\n\tat java.lang.Thread.run(Thread.java:748)\r\n"},"stage":"finished","start":1584515216915,"stop":1584515218441,"steps":[{"name":"Клик на кнопку'написать'","status":"passed","stage":"finished","start":1584515216916,"stop":1584515217582},{"name":"Ввести в поле адреса 'кому' емэйл","status":"passed","stage":"finished","start":1584515217582,"stop":1584515218045,"parameters":[{"name":"email","value":""}]},{"name":"Нажать на кнопку отправить","status":"passed","stage":"finished","start":1584515218046,"stop":1584515218235},{"name":"Проверить, что появилась ошибка","status":"failed","statusDetails":{"known":false,"muted":false,"flaky":false,"message":"expected [Please enter at least one email address.] but found [Поле не заполнено. Необходимо ввести адрес.]","trace":"java.lang.AssertionError: expected [Please enter at least one email address.] but found [Поле не заполнено. Необходимо ввести адрес.]\r\n\tat org.testng.Assert.fail(Assert.java:96)\r\n\tat org.testng.Assert.failNotEquals(Assert.java:776)\r\n\tat org.testng.Assert.assertEqualsImpl(Assert.java:137)\r\n\tat org.testng.Assert.assertEquals(Assert.java:118)\r\n\tat org.testng.Assert.assertEquals(Assert.java:453)\r\n\tat org.testng.Assert.assertEquals(Assert.java:463)\r\n\tat Test1.checkError2_aroundBody28(Test1.java:157)\r\n\tat Test1$AjcClosure29.run(Test1.java:1)\r\n\tat org.aspectj.runtime.reflect.JoinPointImpl.proceed(JoinPointImpl.java:149)\r\n\tat io.qameta.allure.aspects.StepsAspects.step(StepsAspects.java:46)\r\n\tat Test1.checkError2(Test1.java:154)\r\n\tat Test1.sendTheMessage3(Test1.java:212)\r\n\tat sun.reflect.NativeMethodAccessorImpl.invoke0(Native Method)\r\n\tat sun.reflect.NativeMethodAccessorImpl.invoke(NativeMethodAccessorImpl.java:62)\r\n\tat sun.reflect.DelegatingMethodAccessorImpl.invoke(DelegatingMethodAccessorImpl.java:43)\r\n\tat java.lang.reflect.Method.invoke(Method.java:498)\r\n\tat org.testng.internal.MethodInvocationHelper.invokeMethod(MethodInvocationHelper.java:124)\r\n\tat org.testng.internal.Invoker.invokeMethod(Invoker.java:583)\r\n\tat org.testng.internal.Invoker.invokeTestMethod(Invoker.java:719)\r\n\tat org.testng.internal.Invoker.invokeTestMethods(Invoker.java:989)\r\n\tat org.testng.internal.TestMethodWorker.invokeTestMethods(TestMethodWorker.java:125)\r\n\tat org.testng.internal.TestMethodWorker.run(TestMethodWorker.java:109)\r\n\tat org.testng.TestRunner.privateRun(TestRunner.java:648)\r\n\tat org.testng.TestRunner.run(TestRunner.java:505)\r\n\tat org.testng.SuiteRunner.runTest(SuiteRunner.java:455)\r\n\tat org.testng.SuiteRunner.access$000(SuiteRunner.java:40)\r\n\tat org.testng.SuiteRunner$SuiteWorker.run(SuiteRunner.java:489)\r\n\tat org.testng.internal.thread.ThreadUtil$1.call(ThreadUtil.java:52)\r\n\tat java.util.concurrent.FutureTask.run(FutureTask.java:266)\r\n\tat java.util.concurrent.ThreadPoolExecutor.runWorker(ThreadPoolExecutor.java:1149)\r\n\tat java.util.concurrent.ThreadPoolExecutor$Worker.run(ThreadPoolExecutor.java:624)\r\n\tat java.lang.Thread.run(Thread.java:748)\r\n"},"stage":"finished","start":1584515218236,"stop":1584515218439,"parameters":[{"name":"thereWasAnError","value":"true"},{"name":"email","value":""}]}],"parameters":[]}