{"uuid":"f3551bf1-1490-472f-bdec-753d551446ad","historyId":"e3e4b0d6d12baf3c7cb9c4152ea69236","fullName":"Test1.sendTheMessage5","labels":[{"name":"package","value":"Test1"},{"name":"testClass","value":"Test1"},{"name":"testMethod","value":"sendTheMessage5"},{"name":"parentSuite","value":"Тесты от Сергея"},{"name":"suite","value":"Модуль работы с отправлением писем"},{"name":"subSuite","value":"Test1"},{"name":"host","value":"acer"},{"name":"thread","value":"6956@acer.TestNG-tests-3(16)"}],"links":[],"name":"Отправка письма без указания темы","status":"broken","statusDetails":{"known":false,"muted":false,"flaky":false,"message":"unknown error: Element <div class=\"js-compose-field mail-Bubbles\" is=\"x-bubbles\" tabindex=\"10\" name=\"to\" data-class-bubble=\"mail-Bubble js-bubble mail-Bubble-Contact js-contact-bubble\" data-separator=\"\" data-bubble-formation=\"Daria.ContactBubble.update\" data-bubble-deformation=\"Daria.ContactBubble.node2object\" data-bubble-copy=\"Daria.ContactBubble.getCopyString\" data-check-bubble-paste=\"Daria.ContactBubble.checkPaste\" data-tokenizer=\"Daria.ContactBubble.tokenizer\" data-check-bubble-drop=\"Daria.ContactBubble.checkDrop\" contenteditable=\"true\" spellcheck=\"false\"></div> is not clickable at point (918, 77). Other element would receive the click: <div class=\"ui-widget-overlay ui-front\"></div>\n  (Session info: chrome=80.0.3987.132)\n  (Driver info: chromedriver=2.37.544315 (730aa6a5fdba159ac9f4c1e8cbc59bf1b5ce12b7),platform=Windows NT 6.1.7601 SP1 x86_64) (WARNING: The server did not provide any stacktrace information)\nCommand duration or timeout: 0 milliseconds\nBuild info: version: '3.7.1', revision: '8a0099a', time: '2017-11-06T21:01:39.354Z'\nSystem info: host: 'ACER', ip: '192.168.56.1', os.name: 'Windows 7', os.arch: 'amd64', os.version: '6.1', java.version: '1.8.0_241'\nDriver info: org.openqa.selenium.chrome.ChromeDriver\nCapabilities {acceptInsecureCerts: false, acceptSslCerts: false, applicationCacheEnabled: false, browserConnectionEnabled: false, browserName: chrome, chrome: {chromedriverVersion: 2.37.544315 (730aa6a5fdba15..., userDataDir: C:\\Users\\admin\\AppData\\Loca...}, cssSelectorsEnabled: true, databaseEnabled: false, handlesAlerts: true, hasTouchScreen: false, javascriptEnabled: true, locationContextEnabled: true, mobileEmulationEnabled: false, nativeEvents: true, networkConnectionEnabled: false, pageLoadStrategy: normal, platform: XP, platformName: XP, rotatable: false, setWindowRect: true, takesHeapSnapshot: true, takesScreenshot: true, unexpectedAlertBehaviour: , unhandledPromptBehavior: , version: 80.0.3987.132, webStorageEnabled: true}\nSession ID: a44b60fd09fe394cf6b41b6a1734aa4b","trace":"org.openqa.selenium.WebDriverException: unknown error: Element <div class=\"js-compose-field mail-Bubbles\" is=\"x-bubbles\" tabindex=\"10\" name=\"to\" data-class-bubble=\"mail-Bubble js-bubble mail-Bubble-Contact js-contact-bubble\" data-separator=\"\" data-bubble-formation=\"Daria.ContactBubble.update\" data-bubble-deformation=\"Daria.ContactBubble.node2object\" data-bubble-copy=\"Daria.ContactBubble.getCopyString\" data-check-bubble-paste=\"Daria.ContactBubble.checkPaste\" data-tokenizer=\"Daria.ContactBubble.tokenizer\" data-check-bubble-drop=\"Daria.ContactBubble.checkDrop\" contenteditable=\"true\" spellcheck=\"false\"></div> is not clickable at point (918, 77). Other element would receive the click: <div class=\"ui-widget-overlay ui-front\"></div>\n  (Session info: chrome=80.0.3987.132)\n  (Driver info: chromedriver=2.37.544315 (730aa6a5fdba159ac9f4c1e8cbc59bf1b5ce12b7),platform=Windows NT 6.1.7601 SP1 x86_64) (WARNING: The server did not provide any stacktrace information)\nCommand duration or timeout: 0 milliseconds\nBuild info: version: '3.7.1', revision: '8a0099a', time: '2017-11-06T21:01:39.354Z'\nSystem info: host: 'ACER', ip: '192.168.56.1', os.name: 'Windows 7', os.arch: 'amd64', os.version: '6.1', java.version: '1.8.0_241'\nDriver info: org.openqa.selenium.chrome.ChromeDriver\nCapabilities {acceptInsecureCerts: false, acceptSslCerts: false, applicationCacheEnabled: false, browserConnectionEnabled: false, browserName: chrome, chrome: {chromedriverVersion: 2.37.544315 (730aa6a5fdba15..., userDataDir: C:\\Users\\admin\\AppData\\Loca...}, cssSelectorsEnabled: true, databaseEnabled: false, handlesAlerts: true, hasTouchScreen: false, javascriptEnabled: true, locationContextEnabled: true, mobileEmulationEnabled: false, nativeEvents: true, networkConnectionEnabled: false, pageLoadStrategy: normal, platform: XP, platformName: XP, rotatable: false, setWindowRect: true, takesHeapSnapshot: true, takesScreenshot: true, unexpectedAlertBehaviour: , unhandledPromptBehavior: , version: 80.0.3987.132, webStorageEnabled: true}\nSession ID: a44b60fd09fe394cf6b41b6a1734aa4b\r\n\tat sun.reflect.NativeConstructorAccessorImpl.newInstance0(Native Method)\r\n\tat sun.reflect.NativeConstructorAccessorImpl.newInstance(NativeConstructorAccessorImpl.java:62)\r\n\tat sun.reflect.DelegatingConstructorAccessorImpl.newInstance(DelegatingConstructorAccessorImpl.java:45)\r\n\tat java.lang.reflect.Constructor.newInstance(Constructor.java:423)\r\n\tat org.openqa.selenium.remote.ErrorHandler.createThrowable(ErrorHandler.java:214)\r\n\tat org.openqa.selenium.remote.ErrorHandler.throwIfResponseFailed(ErrorHandler.java:166)\r\n\tat org.openqa.selenium.remote.http.JsonHttpResponseCodec.reconstructValue(JsonHttpResponseCodec.java:40)\r\n\tat org.openqa.selenium.remote.http.AbstractHttpResponseCodec.decode(AbstractHttpResponseCodec.java:80)\r\n\tat org.openqa.selenium.remote.http.AbstractHttpResponseCodec.decode(AbstractHttpResponseCodec.java:44)\r\n\tat org.openqa.selenium.remote.HttpCommandExecutor.execute(HttpCommandExecutor.java:164)\r\n\tat org.openqa.selenium.remote.service.DriverCommandExecutor.execute(DriverCommandExecutor.java:83)\r\n\tat org.openqa.selenium.remote.RemoteWebDriver.execute(RemoteWebDriver.java:600)\r\n\tat org.openqa.selenium.remote.RemoteWebElement.execute(RemoteWebElement.java:279)\r\n\tat org.openqa.selenium.remote.RemoteWebElement.click(RemoteWebElement.java:83)\r\n\tat sun.reflect.GeneratedMethodAccessor4.invoke(Unknown Source)\r\n\tat sun.reflect.DelegatingMethodAccessorImpl.invoke(DelegatingMethodAccessorImpl.java:43)\r\n\tat java.lang.reflect.Method.invoke(Method.java:498)\r\n\tat io.qameta.htmlelements.handler.WebBlockMethodHandler.safeInvokeTargetMethod(WebBlockMethodHandler.java:111)\r\n\tat io.qameta.htmlelements.handler.WebBlockMethodHandler.lambda$invoke$0(WebBlockMethodHandler.java:61)\r\n\tat io.qameta.htmlelements.statement.RetryStatement.lambda$apply$1(RetryStatement.java:60)\r\n\tat io.qameta.htmlelements.statement.ListenerStatement.lambda$apply$3(ListenerStatement.java:37)\r\n\tat io.qameta.htmlelements.handler.WebBlockMethodHandler.invoke(WebBlockMethodHandler.java:72)\r\n\tat com.sun.proxy.$Proxy25.click(Unknown Source)\r\n\tat Test1.sendingMessageEmail_aroundBody20(Test1.java:132)\r\n\tat Test1$AjcClosure21.run(Test1.java:1)\r\n\tat org.aspectj.runtime.reflect.JoinPointImpl.proceed(JoinPointImpl.java:149)\r\n\tat io.qameta.allure.aspects.StepsAspects.step(StepsAspects.java:46)\r\n\tat Test1.sendingMessageEmail(Test1.java:132)\r\n\tat Test1.sendTheMessage5(Test1.java:227)\r\n\tat sun.reflect.NativeMethodAccessorImpl.invoke0(Native Method)\r\n\tat sun.reflect.NativeMethodAccessorImpl.invoke(NativeMethodAccessorImpl.java:62)\r\n\tat sun.reflect.DelegatingMethodAccessorImpl.invoke(DelegatingMethodAccessorImpl.java:43)\r\n\tat java.lang.reflect.Method.invoke(Method.java:498)\r\n\tat org.testng.internal.MethodInvocationHelper.invokeMethod(MethodInvocationHelper.java:124)\r\n\tat org.testng.internal.Invoker.invokeMethod(Invoker.java:583)\r\n\tat org.testng.internal.Invoker.invokeTestMethod(Invoker.java:719)\r\n\tat org.testng.internal.Invoker.invokeTestMethods(Invoker.java:989)\r\n\tat org.testng.internal.TestMethodWorker.invokeTestMethods(TestMethodWorker.java:125)\r\n\tat org.testng.internal.TestMethodWorker.run(TestMethodWorker.java:109)\r\n\tat org.testng.TestRunner.privateRun(TestRunner.java:648)\r\n\tat org.testng.TestRunner.run(TestRunner.java:505)\r\n\tat org.testng.SuiteRunner.runTest(SuiteRunner.java:455)\r\n\tat org.testng.SuiteRunner.access$000(SuiteRunner.java:40)\r\n\tat org.testng.SuiteRunner$SuiteWorker.run(SuiteRunner.java:489)\r\n\tat org.testng.internal.thread.ThreadUtil$1.call(ThreadUtil.java:52)\r\n\tat java.util.concurrent.FutureTask.run(FutureTask.java:266)\r\n\tat java.util.concurrent.ThreadPoolExecutor.runWorker(ThreadPoolExecutor.java:1149)\r\n\tat java.util.concurrent.ThreadPoolExecutor$Worker.run(ThreadPoolExecutor.java:624)\r\n\tat java.lang.Thread.run(Thread.java:748)\r\n"},"stage":"finished","start":1584515219820,"stop":1584515225337,"steps":[{"name":"Клик на кнопку'написать'","status":"passed","stage":"finished","start":1584515219820,"stop":1584515220132},{"name":"Ввести в поле адреса 'кому' емэйл","status":"broken","statusDetails":{"known":false,"muted":false,"flaky":false,"message":"unknown error: Element <div class=\"js-compose-field mail-Bubbles\" is=\"x-bubbles\" tabindex=\"10\" name=\"to\" data-class-bubble=\"mail-Bubble js-bubble mail-Bubble-Contact js-contact-bubble\" data-separator=\"\" data-bubble-formation=\"Daria.ContactBubble.update\" data-bubble-deformation=\"Daria.ContactBubble.node2object\" data-bubble-copy=\"Daria.ContactBubble.getCopyString\" data-check-bubble-paste=\"Daria.ContactBubble.checkPaste\" data-tokenizer=\"Daria.ContactBubble.tokenizer\" data-check-bubble-drop=\"Daria.ContactBubble.checkDrop\" contenteditable=\"true\" spellcheck=\"false\"></div> is not clickable at point (918, 77). Other element would receive the click: <div class=\"ui-widget-overlay ui-front\"></div>\n  (Session info: chrome=80.0.3987.132)\n  (Driver info: chromedriver=2.37.544315 (730aa6a5fdba159ac9f4c1e8cbc59bf1b5ce12b7),platform=Windows NT 6.1.7601 SP1 x86_64) (WARNING: The server did not provide any stacktrace information)\nCommand duration or timeout: 0 milliseconds\nBuild info: version: '3.7.1', revision: '8a0099a', time: '2017-11-06T21:01:39.354Z'\nSystem info: host: 'ACER', ip: '192.168.56.1', os.name: 'Windows 7', os.arch: 'amd64', os.version: '6.1', java.version: '1.8.0_241'\nDriver info: org.openqa.selenium.chrome.ChromeDriver\nCapabilities {acceptInsecureCerts: false, acceptSslCerts: false, applicationCacheEnabled: false, browserConnectionEnabled: false, browserName: chrome, chrome: {chromedriverVersion: 2.37.544315 (730aa6a5fdba15..., userDataDir: C:\\Users\\admin\\AppData\\Loca...}, cssSelectorsEnabled: true, databaseEnabled: false, handlesAlerts: true, hasTouchScreen: false, javascriptEnabled: true, locationContextEnabled: true, mobileEmulationEnabled: false, nativeEvents: true, networkConnectionEnabled: false, pageLoadStrategy: normal, platform: XP, platformName: XP, rotatable: false, setWindowRect: true, takesHeapSnapshot: true, takesScreenshot: true, unexpectedAlertBehaviour: , unhandledPromptBehavior: , version: 80.0.3987.132, webStorageEnabled: true}\nSession ID: a44b60fd09fe394cf6b41b6a1734aa4b","trace":"org.openqa.selenium.WebDriverException: unknown error: Element <div class=\"js-compose-field mail-Bubbles\" is=\"x-bubbles\" tabindex=\"10\" name=\"to\" data-class-bubble=\"mail-Bubble js-bubble mail-Bubble-Contact js-contact-bubble\" data-separator=\"\" data-bubble-formation=\"Daria.ContactBubble.update\" data-bubble-deformation=\"Daria.ContactBubble.node2object\" data-bubble-copy=\"Daria.ContactBubble.getCopyString\" data-check-bubble-paste=\"Daria.ContactBubble.checkPaste\" data-tokenizer=\"Daria.ContactBubble.tokenizer\" data-check-bubble-drop=\"Daria.ContactBubble.checkDrop\" contenteditable=\"true\" spellcheck=\"false\"></div> is not clickable at point (918, 77). Other element would receive the click: <div class=\"ui-widget-overlay ui-front\"></div>\n  (Session info: chrome=80.0.3987.132)\n  (Driver info: chromedriver=2.37.544315 (730aa6a5fdba159ac9f4c1e8cbc59bf1b5ce12b7),platform=Windows NT 6.1.7601 SP1 x86_64) (WARNING: The server did not provide any stacktrace information)\nCommand duration or timeout: 0 milliseconds\nBuild info: version: '3.7.1', revision: '8a0099a', time: '2017-11-06T21:01:39.354Z'\nSystem info: host: 'ACER', ip: '192.168.56.1', os.name: 'Windows 7', os.arch: 'amd64', os.version: '6.1', java.version: '1.8.0_241'\nDriver info: org.openqa.selenium.chrome.ChromeDriver\nCapabilities {acceptInsecureCerts: false, acceptSslCerts: false, applicationCacheEnabled: false, browserConnectionEnabled: false, browserName: chrome, chrome: {chromedriverVersion: 2.37.544315 (730aa6a5fdba15..., userDataDir: C:\\Users\\admin\\AppData\\Loca...}, cssSelectorsEnabled: true, databaseEnabled: false, handlesAlerts: true, hasTouchScreen: false, javascriptEnabled: true, locationContextEnabled: true, mobileEmulationEnabled: false, nativeEvents: true, networkConnectionEnabled: false, pageLoadStrategy: normal, platform: XP, platformName: XP, rotatable: false, setWindowRect: true, takesHeapSnapshot: true, takesScreenshot: true, unexpectedAlertBehaviour: , unhandledPromptBehavior: , version: 80.0.3987.132, webStorageEnabled: true}\nSession ID: a44b60fd09fe394cf6b41b6a1734aa4b\r\n\tat sun.reflect.NativeConstructorAccessorImpl.newInstance0(Native Method)\r\n\tat sun.reflect.NativeConstructorAccessorImpl.newInstance(NativeConstructorAccessorImpl.java:62)\r\n\tat sun.reflect.DelegatingConstructorAccessorImpl.newInstance(DelegatingConstructorAccessorImpl.java:45)\r\n\tat java.lang.reflect.Constructor.newInstance(Constructor.java:423)\r\n\tat org.openqa.selenium.remote.ErrorHandler.createThrowable(ErrorHandler.java:214)\r\n\tat org.openqa.selenium.remote.ErrorHandler.throwIfResponseFailed(ErrorHandler.java:166)\r\n\tat org.openqa.selenium.remote.http.JsonHttpResponseCodec.reconstructValue(JsonHttpResponseCodec.java:40)\r\n\tat org.openqa.selenium.remote.http.AbstractHttpResponseCodec.decode(AbstractHttpResponseCodec.java:80)\r\n\tat org.openqa.selenium.remote.http.AbstractHttpResponseCodec.decode(AbstractHttpResponseCodec.java:44)\r\n\tat org.openqa.selenium.remote.HttpCommandExecutor.execute(HttpCommandExecutor.java:164)\r\n\tat org.openqa.selenium.remote.service.DriverCommandExecutor.execute(DriverCommandExecutor.java:83)\r\n\tat org.openqa.selenium.remote.RemoteWebDriver.execute(RemoteWebDriver.java:600)\r\n\tat org.openqa.selenium.remote.RemoteWebElement.execute(RemoteWebElement.java:279)\r\n\tat org.openqa.selenium.remote.RemoteWebElement.click(RemoteWebElement.java:83)\r\n\tat sun.reflect.GeneratedMethodAccessor4.invoke(Unknown Source)\r\n\tat sun.reflect.DelegatingMethodAccessorImpl.invoke(DelegatingMethodAccessorImpl.java:43)\r\n\tat java.lang.reflect.Method.invoke(Method.java:498)\r\n\tat io.qameta.htmlelements.handler.WebBlockMethodHandler.safeInvokeTargetMethod(WebBlockMethodHandler.java:111)\r\n\tat io.qameta.htmlelements.handler.WebBlockMethodHandler.lambda$invoke$0(WebBlockMethodHandler.java:61)\r\n\tat io.qameta.htmlelements.statement.RetryStatement.lambda$apply$1(RetryStatement.java:60)\r\n\tat io.qameta.htmlelements.statement.ListenerStatement.lambda$apply$3(ListenerStatement.java:37)\r\n\tat io.qameta.htmlelements.handler.WebBlockMethodHandler.invoke(WebBlockMethodHandler.java:72)\r\n\tat com.sun.proxy.$Proxy25.click(Unknown Source)\r\n\tat Test1.sendingMessageEmail_aroundBody20(Test1.java:132)\r\n\tat Test1$AjcClosure21.run(Test1.java:1)\r\n\tat org.aspectj.runtime.reflect.JoinPointImpl.proceed(JoinPointImpl.java:149)\r\n\tat io.qameta.allure.aspects.StepsAspects.step(StepsAspects.java:46)\r\n\tat Test1.sendingMessageEmail(Test1.java:132)\r\n\tat Test1.sendTheMessage5(Test1.java:227)\r\n\tat sun.reflect.NativeMethodAccessorImpl.invoke0(Native Method)\r\n\tat sun.reflect.NativeMethodAccessorImpl.invoke(NativeMethodAccessorImpl.java:62)\r\n\tat sun.reflect.DelegatingMethodAccessorImpl.invoke(DelegatingMethodAccessorImpl.java:43)\r\n\tat java.lang.reflect.Method.invoke(Method.java:498)\r\n\tat org.testng.internal.MethodInvocationHelper.invokeMethod(MethodInvocationHelper.java:124)\r\n\tat org.testng.internal.Invoker.invokeMethod(Invoker.java:583)\r\n\tat org.testng.internal.Invoker.invokeTestMethod(Invoker.java:719)\r\n\tat org.testng.internal.Invoker.invokeTestMethods(Invoker.java:989)\r\n\tat org.testng.internal.TestMethodWorker.invokeTestMethods(TestMethodWorker.java:125)\r\n\tat org.testng.internal.TestMethodWorker.run(TestMethodWorker.java:109)\r\n\tat org.testng.TestRunner.privateRun(TestRunner.java:648)\r\n\tat org.testng.TestRunner.run(TestRunner.java:505)\r\n\tat org.testng.SuiteRunner.runTest(SuiteRunner.java:455)\r\n\tat org.testng.SuiteRunner.access$000(SuiteRunner.java:40)\r\n\tat org.testng.SuiteRunner$SuiteWorker.run(SuiteRunner.java:489)\r\n\tat org.testng.internal.thread.ThreadUtil$1.call(ThreadUtil.java:52)\r\n\tat java.util.concurrent.FutureTask.run(FutureTask.java:266)\r\n\tat java.util.concurrent.ThreadPoolExecutor.runWorker(ThreadPoolExecutor.java:1149)\r\n\tat java.util.concurrent.ThreadPoolExecutor$Worker.run(ThreadPoolExecutor.java:624)\r\n\tat java.lang.Thread.run(Thread.java:748)\r\n"},"stage":"finished","start":1584515220132,"stop":1584515225336,"parameters":[{"name":"email","value":"djeeeelik@yandex.ru"}]}],"parameters":[]}